<?xml version="1.0" encoding="UTF-8"?>
<!-- Generated by org.testng.reporters.JUnitReportReporter -->
<testsuite hostname="LAPTOP-115D7HF3" failures="0" tests="1" name="com.qa.testscripts.Workwithpopups" time="6.474" errors="0" timestamp="2022-03-01T15:21:03 IST" skipped="0">
  <testcase classname="com.qa.testscripts.Workwithpopups" name="popup" time="6.474"/>
  <system-out/>
</testsuite> <!-- com.qa.testscripts.Workwithpopups -->
