<?xml version="1.0" encoding="UTF-8"?>
<!-- Generated by org.testng.reporters.JUnitReportReporter -->
<testsuite hostname="LAPTOP-115D7HF3" failures="0" tests="3" name="com.qa.testscripts.TC_WorkingwithFrames" time="2.742" errors="0" timestamp="2022-03-01T13:59:55 IST" skipped="0">
  <testcase classname="com.qa.testscripts.TC_WorkingwithFrames" name="frameById" time="2.182"/>
  <system-out/>
  <testcase classname="com.qa.testscripts.TC_WorkingwithFrames" name="frameByName" time="0.083"/>
  <system-out/>
  <testcase classname="com.qa.testscripts.TC_WorkingwithFrames" name="frameByElement" time="0.477"/>
  <system-out/>
</testsuite> <!-- com.qa.testscripts.TC_WorkingwithFrames -->
