<?xml version="1.0" encoding="UTF-8"?>
<!-- Generated by org.testng.reporters.JUnitReportReporter -->
<testsuite hostname="LAPTOP-115D7HF3" failures="0" tests="1" name="com.qa.testscripts.TC_NewToursLogin_001" time="25.803" errors="0" timestamp="2022-02-28T14:28:39 IST" skipped="0">
  <testcase classname="com.qa.testscripts.TC_NewToursLogin_001" name="LoginAction" time="25.803"/>
  <system-out/>
</testsuite> <!-- com.qa.testscripts.TC_NewToursLogin_001 -->
