<?xml version="1.0" encoding="UTF-8"?>
<!-- Generated by org.testng.reporters.JUnitReportReporter -->
<testsuite hostname="LAPTOP-115D7HF3" failures="0" tests="1" name="com.qa.testscripts.TC_WorkwithMultiWins" time="5.661" errors="0" timestamp="2022-03-01T14:49:05 IST" skipped="0">
  <testcase classname="com.qa.testscripts.TC_WorkwithMultiWins" name="multipleWins" time="5.661"/>
  <system-out/>
</testsuite> <!-- com.qa.testscripts.TC_WorkwithMultiWins -->
