<?xml version="1.0" encoding="UTF-8"?>
<!-- Generated by org.testng.reporters.JUnitReportReporter -->
<testsuite hostname="LAPTOP-115D7HF3" failures="0" tests="1" name="com.qa.testscripts.TC_Amazon_002" time="5.726" errors="0" timestamp="2022-03-01T12:07:27 IST" skipped="0">
  <testcase classname="com.qa.testscripts.TC_Amazon_002" name="registration" time="5.726"/>
  <system-out>
    <![CDATA[Title has registration word]]>
  </system-out>
</testsuite> <!-- com.qa.testscripts.TC_Amazon_002 -->
