<?xml version="1.0" encoding="UTF-8"?>
<!-- Generated by org.testng.reporters.JUnitReportReporter -->
<testsuite hostname="LAPTOP-115D7HF3" failures="0" tests="3" name="com.qa.testngDemo.TC_003" time="0.018" errors="0" timestamp="2022-02-13T00:11:08 IST" skipped="0">
  <testcase classname="com.qa.testngDemo.TC_003" name="deditBill" time="0.002"/>
  <system-out/>
  <testcase classname="com.qa.testngDemo.TC_003" name="CreditBill" time="0.012"/>
  <system-out/>
  <testcase classname="com.qa.testngDemo.TC_003" name="CurrentBill" time="0.004"/>
  <system-out/>
</testsuite> <!-- com.qa.testngDemo.TC_003 -->
