<?xml version="1.0" encoding="UTF-8"?>
<!-- Generated by org.testng.reporters.JUnitReportReporter -->
<testsuite hostname="LAPTOP-115D7HF3" failures="0" tests="1" name="com.qa.testngDemo.TC_002" time="0.003" errors="0" timestamp="2022-02-13T00:06:39 IST" skipped="0">
  <testcase classname="com.qa.testngDemo.TC_002" name="UtilityBill" time="0.003"/>
  <system-out/>
</testsuite> <!-- com.qa.testngDemo.TC_002 -->
